> Task :compileJava UP-TO-DATE
> Task :processResources UP-TO-DATE
> Task :classes UP-TO-DATE
> Task :resolveMainClassName UP-TO-DATE

> Task :bootRun

  .   ____          _            __ _ _
 /\\ / ___'_ __ _ _(_)_ __  __ _ \ \ \ \
( ( )\___ | '_ | '_| | '_ \/ _` | \ \ \ \
 \\/  ___)| |_)| | | | | || (_| |  ) ) ) )
  '  |____| .__|_| |_|_| |_\__, | / / / /
 =========|_|==============|___/=/_/_/_/

 :: Spring Boot ::                (v4.0.1)

2026-01-26 03:31:25 - Starting SalepilotApplication using Java 17.0.11 with PID 20336 (C:\Users\omen\Downloads\salepilot\java-backend\backend\build\classes\java\main started by omen in C:\Users\omen\Downloads\salepilot\java-backend\backend)
2026-01-26 03:31:25 - Running with Spring Boot v4.0.1, Spring v7.0.2
2026-01-26 03:31:25 - The following 1 profile is active: "dev"
2026-01-26 03:31:25 - Devtools property defaults active! Set 'spring.devtools.add-properties' to 'false' to disable
2026-01-26 03:31:25 - For additional web related logging consider setting the 'logging.level.web' property to 'DEBUG'
2026-01-26 03:31:30 - Bootstrapping Spring Data JPA repositories in DEFAULT mode.
2026-01-26 03:31:31 - Finished Spring Data repository scanning in 1107 ms. Found 28 JPA repository interfaces.
2026-01-26 03:31:35 - Tomcat initialized with port 8080 (http)
2026-01-26 03:31:35 - Starting service [Tomcat]
2026-01-26 03:31:35 - Starting Servlet engine: [Apache Tomcat/11.0.15]
2026-01-26 03:31:35 - Root WebApplicationContext: initialization completed in 9951 ms
2026-01-26 03:31:36 - HHH008540: Processing PersistenceUnitInfo [name: default]
2026-01-26 03:31:36 - HHH000001: Hibernate ORM core version 7.2.0.Final
2026-01-26 03:31:39 - No LoadTimeWeaver setup: ignoring JPA class transformer
2026-01-26 03:31:39 - HikariPoolSalePilot - Starting...
2026-01-26 03:31:39 - HikariPoolSalePilot - Added connection org.postgresql.jdbc.PgConnection@695be538
2026-01-26 03:31:39 - HikariPoolSalePilot - Start completed.
2026-01-26 03:31:39 - HHH90000025: PostgreSQLDialect does not need to be specified explicitly using 'hibernate.dialect' (remove the property setting and it will be selected by default)
2026-01-26 03:31:39 - HHH10001005: Database info:
	Database JDBC URL [jdbc:postgresql://localhost:5432/salepilot_dev]
	Database driver: PostgreSQL JDBC Driver
	Database dialect: PostgreSQLDialect
	Database version: 17.6
	Default catalog/schema: salepilot_dev/public
	Autocommit mode: undefined/unknown
	Isolation level: READ_COMMITTED [default READ_COMMITTED]
	JDBC fetch size: none
	Pool: DataSourceConnectionProvider
	Minimum pool size: undefined/unknown
	Maximum pool size: undefined/unknown
2026-01-26 03:31:49 - HHH000489: No JTA platform available (set 'hibernate.transaction.jta.platform' to enable JTA platform integration)
2026-01-26 03:31:49 - HHH100501: Automatic JDBC statement batching enabled (maximum batch size 20)
2026-01-26 03:31:49 - Initialized JPA EntityManagerFactory for persistence unit 'default'
2026-01-26 03:31:49 - Hibernate is in classpath; If applicable, HQL parser will be used.
2026-01-26 03:31:56 - Filter 'jwtAuthenticationFilter' configured for use
2026-01-26 03:31:56 - Filter 'webMvcObservationFilter' configured for use
2026-01-26 03:31:56 - Filter 'tenantFilter' configured for use
2026-01-26 03:31:57 - Global AuthenticationManager configured with AuthenticationProvider bean with name authenticationProvider
2026-01-26 03:31:57 - Global AuthenticationManager configured with an AuthenticationProvider bean. UserDetailsService beans will not be used by Spring Security for automatically configuring username/password login. Consider removing the AuthenticationProvider bean. Alternatively, consider using the UserDetailsService in a manually instantiated DaoAuthenticationProvider. If the current configuration is intentional, to turn off this warning, increase the logging level of 'org.springframework.security.config.annotation.authentication.configuration.InitializeUserDetailsBeanManagerConfigurer' to ERROR
2026-01-26 03:32:04 - Will secure any request with filters: DisableEncodeUrlFilter, WebAsyncManagerIntegrationFilter, SecurityContextHolderFilter, HeaderWriterFilter, CorsFilter, CorsFilter, LogoutFilter, JwtAuthenticationFilter, TenantFilter, RequestCacheAwareFilter, SecurityContextHolderAwareRequestFilter, AnonymousAuthenticationFilter, SessionManagementFilter, ExceptionTranslationFilter, AuthorizationFilter
2026-01-26 03:32:05 - Patterns [/ws/**] in 'stompWebSocketHandlerMapping'
2026-01-26 03:32:05 - 
	c.s.b.c.AccountingController:
	
2026-01-26 03:32:05 - 
	c.s.b.c.AuditLogController:
	
2026-01-26 03:32:05 - 
	c.s.b.c.AuthController:
	
2026-01-26 03:32:05 - 
	c.s.b.c.CategoryController:
	
2026-01-26 03:32:05 - 
	c.s.b.c.ChatController:
	
2026-01-26 03:32:05 - 
	c.s.b.c.CustomerController:
	
2026-01-26 03:32:05 - 
	c.s.b.c.ExpenseController:
	
2026-01-26 03:32:05 - 
	c.s.b.c.FileUploadController:
	
2026-01-26 03:32:05 - 
	c.s.b.c.HealthController:
	
2026-01-26 03:32:05 - 
	c.s.b.c.MessageController:
	
2026-01-26 03:32:05 - 
	c.s.b.c.NotificationController:
	
2026-01-26 03:32:05 - 
	c.s.b.c.OfferController:
	
2026-01-26 03:32:05 - 
	c.s.b.c.OnlineShopController:
	
2026-01-26 03:32:05 - 
	c.s.b.c.ProductController:
	
2026-01-26 03:32:05 - 
	c.s.b.c.PurchaseOrderController:
	
2026-01-26 03:32:05 - 
	c.s.b.c.PushNotificationController:
	
2026-01-26 03:32:05 - 
	c.s.b.c.RealTimeController:
	
2026-01-26 03:32:05 - 
	c.s.b.c.ReportController:
	
2026-01-26 03:32:05 - 
	c.s.b.c.ReturnController:
	
2026-01-26 03:32:05 - 
	c.s.b.c.SaleController:
	
2026-01-26 03:32:05 - 
	c.s.b.c.SettingController:
	
2026-01-26 03:32:05 - 
	c.s.b.c.SetupController:
	
2026-01-26 03:32:05 - 
	c.s.b.c.StockTakeController:
	
2026-01-26 03:32:05 - 
	c.s.b.c.SubscriptionController:
	
2026-01-26 03:32:05 - 
	c.s.b.c.SuperadminController:
	
2026-01-26 03:32:05 - 
	c.s.b.c.SupplierController:
	
2026-01-26 03:32:05 - 
	c.s.b.c.UserController:
	
2026-01-26 03:32:05 - 
	c.s.b.c.VerificationController:
	
2026-01-26 03:32:05 - 
	o.s.b.w.a.e.BasicErrorController:
	
2026-01-26 03:32:05 - 
	o.s.w.a.OpenApiWebMvcResource:
	
2026-01-26 03:32:05 - 
	o.s.w.u.SwaggerWelcomeWebMvc:
	
2026-01-26 03:32:05 - 
	o.s.w.u.SwaggerConfigResource:
	
2026-01-26 03:32:06 - 113 mappings in 'requestMappingHandlerMapping'
2026-01-26 03:32:06 - Patterns [/webjars/**, /**, /swagger-ui*/*swagger-initializer.js, /swagger-ui*/**] in 'resourceHandlerMapping'
2026-01-26 03:32:06 - ControllerAdvice beans: 0 @ModelAttribute, 0 @InitBinder, 1 RequestBodyAdvice, 1 ResponseBodyAdvice
2026-01-26 03:32:06 - ControllerAdvice beans: 2 @ExceptionHandler, 1 ResponseBodyAdvice
2026-01-26 03:32:08 - LiveReload server is running on port 35729
2026-01-26 03:32:08 - Exposing 14 endpoints beneath base path '/actuator'
2026-01-26 03:32:08 - clientOutboundChannel added SubProtocolWebSocketHandler[StompSubProtocolHandler[v10.stomp, v11.stomp, v12.stomp]]
2026-01-26 03:32:08 - clientInboundChannel added WebSocketAnnotationMethodMessageHandler[prefixes=[/app/]]
2026-01-26 03:32:08 - Starting...
2026-01-26 03:32:08 - clientInboundChannel added SimpleBrokerMessageHandler [org.springframework.messaging.simp.broker.DefaultSubscriptionRegistry@56084598]
2026-01-26 03:32:08 - brokerChannel added SimpleBrokerMessageHandler [org.springframework.messaging.simp.broker.DefaultSubscriptionRegistry@56084598]
2026-01-26 03:32:08 - BrokerAvailabilityEvent[available=true, SimpleBrokerMessageHandler [org.springframework.messaging.simp.broker.DefaultSubscriptionRegistry@56084598]]
2026-01-26 03:32:08 - Started.
2026-01-26 03:32:08 - clientInboundChannel added UserDestinationMessageHandler[DefaultUserDestinationResolver[prefix=/user/]]
2026-01-26 03:32:08 - brokerChannel added UserDestinationMessageHandler[DefaultUserDestinationResolver[prefix=/user/]]
2026-01-26 03:32:08 - clientOutboundChannel removed SubProtocolWebSocketHandler[StompSubProtocolHandler[v10.stomp, v11.stomp, v12.stomp]]
2026-01-26 03:32:08 - clientInboundChannel removed WebSocketAnnotationMethodMessageHandler[prefixes=[/app/]]
2026-01-26 03:32:08 - Stopping...
2026-01-26 03:32:08 - BrokerAvailabilityEvent[available=false, SimpleBrokerMessageHandler [org.springframework.messaging.simp.broker.DefaultSubscriptionRegistry@56084598]]
2026-01-26 03:32:08 - clientInboundChannel removed SimpleBrokerMessageHandler [org.springframework.messaging.simp.broker.DefaultSubscriptionRegistry@56084598]
2026-01-26 03:32:08 - brokerChannel removed SimpleBrokerMessageHandler [org.springframework.messaging.simp.broker.DefaultSubscriptionRegistry@56084598]
2026-01-26 03:32:08 - Stopped.
2026-01-26 03:32:08 - clientInboundChannel removed UserDestinationMessageHandler[DefaultUserDestinationResolver[prefix=/user/]]
2026-01-26 03:32:08 - brokerChannel removed UserDestinationMessageHandler[DefaultUserDestinationResolver[prefix=/user/]]
2026-01-26 03:32:09 - Exception encountered during context initialization - cancelling refresh attempt: org.springframework.context.ApplicationContextException: Failed to start bean 'webServerStartStop'
2026-01-26 03:32:09 - Closing JPA EntityManagerFactory for persistence unit 'default'
2026-01-26 03:32:09 - HikariPoolSalePilot - Shutdown initiated...
2026-01-26 03:32:09 - HikariPoolSalePilot - Shutdown completed.
2026-01-26 03:32:09 - 

Error starting ApplicationContext. To display the condition evaluation report re-run your application with 'debug' enabled.
2026-01-26 03:32:09 - 

***************************
APPLICATION FAILED TO START
***************************

Description:

Web server failed to start. Port 8080 was already in use.

Action:

Identify and stop the process that's listening on port 8080 or configure this application to listen on another port.


BUILD SUCCESSFUL in 59s
4 actionable tasks: 1 executed, 3 up-to-date
Consider enabling configuration cache to speed up this build: https://docs.gradle.org/9.2.1/userguide/configuration_cache_enabling.html
